<?xml version="1.0" encoding="UTF-8"?>
<!-- Generated by org.testng.reporters.JUnitReportReporter -->
<testsuite skipped="0" hostname="KFT-TECH-18" name="TestCases.LoginTest" tests="8" failures="0" timestamp="03 Jun 2019 06:05:59 GMT" time="31.519" errors="0">
  <testcase name="emptyUserName" time="2.416" classname="TestCases.LoginTest"/>
  <testcase name="emptyPassword" time="2.119" classname="TestCases.LoginTest"/>
  <testcase name="emptyUsernameEmptyPassword" time="2.083" classname="TestCases.LoginTest"/>
  <testcase name="validUsernameInvalidPassword" time="2.634" classname="TestCases.LoginTest"/>
  <testcase name="invalidUsernameValidPassword" time="2.847" classname="TestCases.LoginTest"/>
  <testcase name="invalidUsernameInvalidPassword" time="3.881" classname="TestCases.LoginTest"/>
  <testcase name="validUsernameValidPassword" time="10.643" classname="TestCases.LoginTest"/>
  <testcase name="logout" time="4.896" classname="TestCases.LoginTest"/>
</testsuite> <!-- TestCases.LoginTest -->
